<?xml version="1.0" encoding="UTF-8"?>
<testsuite xmlns:xsi="http://www.w3.org/2001/XMLSchema-instance" xsi:noNamespaceSchemaLocation="https://maven.apache.org/surefire/maven-surefire-plugin/xsd/surefire-test-report-3.0.xsd" version="3.0" name="com.raccooncash.api.AplicacionRaccoonCashApiTests" time="10.667" tests="6" errors="0" skipped="0" failures="0">
  <properties>
[...]
</properties>
  <testcase name="getTransactionsReturnsSameFlatContractAsCreateTransaction" classname="com.raccooncash.api.AplicacionRaccoonCashApiTests" time="0.732">
    <system-out><![CDATA[16:57:25.122 [main] INFO org.springframework.test.context.support.AnnotationConfigContextLoaderUtils -- Could not detect default configuration classes for test class [com.raccooncash.api.AplicacionRaccoonCashApiTests]: AplicacionRaccoonCashApiTests does not declare any static, non-private, non-final, nested classes annotated with @Configuration.
16:57:25.280 [main] INFO org.springframework.boot.test.context.SpringBootTestContextBootstrapper -- Found @SpringBootConfiguration com.raccooncash.api.AplicacionRaccoonCashApi for test class com.raccooncash.api.AplicacionRaccoonCashApiTests

  .   ____          _            __ _ _
 /\\ / ___'_ __ _ _(_)_ __  __ _ \ \ \ \
( ( )\___ | '_ | '_| | '_ \/ _` | \ \ \ \
 \\/  ___)| |_)| | | | | || (_| |  ) ) ) )
  '  |____| .__|_| |_|_| |_\__, | / / / /
 =========|_|==============|___/=/_/_/_/

 :: Spring Boot ::                (v3.3.5)

2026-06-22T16:57:25.888-06:00  INFO 8348 --- [raccoon-cash-api] [           main] c.r.api.AplicacionRaccoonCashApiTests    : Starting AplicacionRaccoonCashApiTests using Java 25 with PID 8348 (started by Fernando in C:\Users\Fernando\Desktop\Raccoon_Cash\Raccoon_Cash\raccoon-cash-api\raccoon-cash-api)
2026-06-22T16:57:25.890-06:00  INFO 8348 --- [raccoon-cash-api] [           main] c.r.api.AplicacionRaccoonCashApiTests    : No active profile set, falling back to 1 default profile: "default"
2026-06-22T16:57:26.690-06:00  INFO 8348 --- [raccoon-cash-api] [           main] .s.d.r.c.RepositoryConfigurationDelegate : Bootstrapping Spring Data JPA repositories in DEFAULT mode.
2026-06-22T16:57:26.780-06:00  INFO 8348 --- [raccoon-cash-api] [           main] .s.d.r.c.RepositoryConfigurationDelegate : Finished Spring Data repository scanning in 83 ms. Found 8 JPA repository interfaces.
2026-06-22T16:57:27.340-06:00  INFO 8348 --- [raccoon-cash-api] [           main] o.hibernate.jpa.internal.util.LogHelper  : HHH000204: Processing PersistenceUnitInfo [name: default]
2026-06-22T16:57:27.435-06:00  INFO 8348 --- [raccoon-cash-api] [           main] org.hibernate.Version                    : HHH000412: Hibernate ORM core version 6.5.3.Final
2026-06-22T16:57:27.490-06:00  INFO 8348 --- [raccoon-cash-api] [           main] o.h.c.internal.RegionFactoryInitiator    : HHH000026: Second-level cache disabled
2026-06-22T16:57:27.935-06:00  INFO 8348 --- [raccoon-cash-api] [           main] o.s.o.j.p.SpringPersistenceUnitInfo      : No LoadTimeWeaver setup: ignoring JPA class transformer
2026-06-22T16:57:27.975-06:00  INFO 8348 --- [raccoon-cash-api] [           main] com.zaxxer.hikari.HikariDataSource       : HikariPool-1 - Starting...
2026-06-22T16:57:28.213-06:00  INFO 8348 --- [raccoon-cash-api] [           main] com.zaxxer.hikari.pool.HikariPool        : HikariPool-1 - Added connection conn0: url=jdbc:h2:mem:raccoon_cash_test user=SA
2026-06-22T16:57:28.214-06:00  INFO 8348 --- [raccoon-cash-api] [           main] com.zaxxer.hikari.HikariDataSource       : HikariPool-1 - Start completed.
2026-06-22T16:57:29.350-06:00  INFO 8348 --- [raccoon-cash-api] [           main] o.h.e.t.j.p.i.JtaPlatformInitiator       : HHH000489: No JTA platform available (set 'hibernate.transaction.jta.platform' to enable JTA platform integration)
Hibernate: drop table if exists accounts cascade 
Hibernate: drop table if exists budget_category_limits cascade 
Hibernate: drop table if exists budgets cascade 
Hibernate: drop table if exists categories cascade 
Hibernate: drop table if exists debt_payments cascade 
Hibernate: drop table if exists debts cascade 
Hibernate: drop table if exists saving_goal cascade 
Hibernate: drop table if exists sub_categories cascade 
Hibernate: drop table if exists transactions cascade 
Hibernate: create table accounts (active boolean not null, current_balance numeric(38,2) not null, decimal_precision integer, initial_balance numeric(38,2) not null, created_at timestamp(6), id bigint generated by default as identity, updated_at timestamp(6), color varchar(255), currency varchar(255) not null, name varchar(255) not null, type enum ('BANK','CASH','CREDIT_CARD','OTHER','SAVINGS') not null, primary key (id))
Hibernate: create table budget_category_limits (amount_limit numeric(38,2) not null, budget_id bigint not null, category_id bigint not null, id bigint generated by default as identity, primary key (id))
Hibernate: create table budgets (active boolean not null, amount_limit numeric(38,2) not null, end_date date not null, expense boolean, include_all_transactions boolean, period_value integer, start_date date not null, created_at timestamp(6), id bigint generated by default as identity, updated_at timestamp(6), color varchar(255), name varchar(255) not null, period_type varchar(255) not null, primary key (id))
Hibernate: create table categories (active boolean not null, created_at timestamp(6), id bigint generated by default as identity, parent_category_id bigint, updated_at timestamp(6), color varchar(255), icon varchar(255), name varchar(255) not null, type enum ('EXPENSE','INCOME') not null, primary key (id))
Hibernate: create table debt_payments (amount numeric(38,2) not null, payment_date date not null, created_at timestamp(6), debt_id bigint not null, id bigint generated by default as identity, notes varchar(255), primary key (id))
Hibernate: create table debts (active boolean not null, due_date date, paid_amount numeric(38,2) not null, remaining_amount numeric(38,2) not null, total_amount numeric(38,2) not null, account_id bigint not null, created_at timestamp(6), id bigint generated by default as identity, updated_at timestamp(6), description varchar(255), person_name varchar(255) not null, status enum ('CANCELLED','PAID','PARTIALLY_PAID','PENDING') not null, type enum ('I_OWE','OWED_TO_ME') not null, primary key (id))
Hibernate: create table saving_goal (deadline date, target_amount float(53), id bigint generated by default as identity, color varchar(255), currency varchar(255), icon varchar(255), name varchar(255), primary key (id))
Hibernate: create table sub_categories (active boolean not null, category_id bigint not null, created_at timestamp(6), id bigint generated by default as identity, updated_at timestamp(6), name varchar(255) not null, primary key (id))
Hibernate: create table transactions (active boolean, amount numeric(38,2) not null, account_id bigint not null, category_id bigint, created_at timestamp(6), date timestamp(6) not null, id bigint generated by default as identity, saving_goal_id bigint, to_account_id bigint, updated_at timestamp(6), description varchar(255) not null, notes varchar(255), type enum ('EXPENSE','INCOME','TRANSFER') not null, primary key (id))
Hibernate: alter table if exists budget_category_limits add constraint FKayhvpoc35fcbj6l0yly0mukir foreign key (budget_id) references budgets
Hibernate: alter table if exists budget_category_limits add constraint FKjkm70g420xl83mixgy8m30on6 foreign key (category_id) references categories
Hibernate: alter table if exists categories add constraint FK9il7y6fehxwunjeepq0n7g5rd foreign key (parent_category_id) references categories
Hibernate: alter table if exists debt_payments add constraint FKf9k7kd2li57kwv61dg2aio1vb foreign key (debt_id) references debts
Hibernate: alter table if exists debts add constraint FK4hf69rko6foncbos0pilxprn7 foreign key (account_id) references accounts
Hibernate: alter table if exists sub_categories add constraint FKjwy7imy3rf6r99x48ydq45otw foreign key (category_id) references categories
Hibernate: alter table if exists transactions add constraint FK20w7wsg13u9srbq3bd7chfxdh foreign key (account_id) references accounts
Hibernate: alter table if exists transactions add constraint FKsqqi7sneo04kast0o138h19mv foreign key (category_id) references categories
Hibernate: alter table if exists transactions add constraint FKcryg79fy1gjgwm8nysi5vcddn foreign key (saving_goal_id) references saving_goal
Hibernate: alter table if exists transactions add constraint FKra0an432c5wjo76mojluk0v28 foreign key (to_account_id) references accounts
2026-06-22T16:57:29.420-06:00  INFO 8348 --- [raccoon-cash-api] [           main] j.LocalContainerEntityManagerFactoryBean : Initialized JPA EntityManagerFactory for persistence unit 'default'
2026-06-22T16:57:30.087-06:00  INFO 8348 --- [raccoon-cash-api] [           main] o.s.d.j.r.query.QueryEnhancerFactory     : Hibernate is in classpath; If applicable, HQL parser will be used.
2026-06-22T16:57:30.765-06:00  WARN 8348 --- [raccoon-cash-api] [           main] JpaBaseConfiguration$JpaWebConfiguration : spring.jpa.open-in-view is enabled by default. Therefore, database queries may be performed during view rendering. Explicitly configure spring.jpa.open-in-view to disable this warning
2026-06-22T16:57:31.226-06:00  INFO 8348 --- [raccoon-cash-api] [           main] o.s.b.t.m.w.SpringBootMockServletContext : Initializing Spring TestDispatcherServlet ''
2026-06-22T16:57:31.226-06:00  INFO 8348 --- [raccoon-cash-api] [           main] o.s.t.web.servlet.TestDispatcherServlet  : Initializing Servlet ''
2026-06-22T16:57:31.227-06:00  INFO 8348 --- [raccoon-cash-api] [           main] o.s.t.web.servlet.TestDispatcherServlet  : Completed initialization in 1 ms
2026-06-22T16:57:31.244-06:00  INFO 8348 --- [raccoon-cash-api] [           main] c.r.api.AplicacionRaccoonCashApiTests    : Started AplicacionRaccoonCashApiTests in 5.8 seconds (process running for 7.045)
2026-06-22T16:57:31.271-06:00  INFO 8348 --- [raccoon-cash-api] [           main] c.r.a.p.PresupuestoEsquemaInicializador  : Restriccion obsoleta budgets_period_type_check eliminada o inexistente
Hibernate: insert into accounts (active,color,created_at,currency,current_balance,decimal_precision,initial_balance,name,type,updated_at,id) values (?,?,?,?,?,?,?,?,?,?,default)
Hibernate: insert into categories (active,color,created_at,icon,name,parent_category_id,type,updated_at,id) values (?,?,?,?,?,?,?,?,default)
Hibernate: select c1_0.id,c1_0.active,c1_0.color,c1_0.created_at,c1_0.currency,c1_0.current_balance,c1_0.decimal_precision,c1_0.initial_balance,c1_0.name,c1_0.type,c1_0.updated_at from accounts c1_0 where c1_0.id=? and c1_0.active
Hibernate: select c1_0.id,c1_0.active,c1_0.color,c1_0.created_at,c1_0.icon,c1_0.name,c1_0.parent_category_id,c1_0.type,c1_0.updated_at from categories c1_0 where c1_0.id=? and c1_0.active
Hibernate: insert into transactions (account_id,active,amount,category_id,created_at,date,description,notes,saving_goal_id,to_account_id,type,updated_at,id) values (?,?,?,?,?,?,?,?,?,?,?,?,default)
Hibernate: update accounts set active=?,color=?,created_at=?,currency=?,current_balance=?,decimal_precision=?,initial_balance=?,name=?,type=?,updated_at=? where id=?
Hibernate: select distinct t1_0.id,t1_0.account_id,a1_0.id,a1_0.active,a1_0.color,a1_0.created_at,a1_0.currency,a1_0.current_balance,a1_0.decimal_precision,a1_0.initial_balance,a1_0.name,a1_0.type,a1_0.updated_at,t1_0.active,t1_0.amount,c1_0.id,c1_0.active,c1_0.color,c1_0.created_at,c1_0.icon,c1_0.name,c1_0.parent_category_id,c1_0.type,c1_0.updated_at,t1_0.created_at,t1_0.date,t1_0.description,t1_0.notes,t1_0.saving_goal_id,ta1_0.id,ta1_0.active,ta1_0.color,ta1_0.created_at,ta1_0.currency,ta1_0.current_balance,ta1_0.decimal_precision,ta1_0.initial_balance,ta1_0.name,ta1_0.type,ta1_0.updated_at,t1_0.type,t1_0.updated_at from transactions t1_0 join accounts a1_0 on a1_0.id=t1_0.account_id left join accounts ta1_0 on ta1_0.id=t1_0.to_account_id left join categories c1_0 on c1_0.id=t1_0.category_id where (t1_0.active=true or t1_0.active is null) order by t1_0.date desc
2026-06-22T16:57:31.999-06:00  INFO 8348 --- [raccoon-cash-api] [           main] j.LocalContainerEntityManagerFactoryBean : Closing JPA EntityManagerFactory for persistence unit 'default'
Hibernate: drop table if exists accounts cascade 
Hibernate: drop table if exists budget_category_limits cascade 
Hibernate: drop table if exists budgets cascade 
Hibernate: drop table if exists categories cascade 
Hibernate: drop table if exists debt_payments cascade 
Hibernate: drop table if exists debts cascade 
Hibernate: drop table if exists saving_goal cascade 
Hibernate: drop table if exists sub_categories cascade 
Hibernate: drop table if exists transactions cascade 
2026-06-22T16:57:32.008-06:00  INFO 8348 --- [raccoon-cash-api] [           main] com.zaxxer.hikari.HikariDataSource       : HikariPool-1 - Shutdown initiated...
2026-06-22T16:57:32.009-06:00  INFO 8348 --- [raccoon-cash-api] [           main] com.zaxxer.hikari.HikariDataSource       : HikariPool-1 - Shutdown completed.
]]></system-out>
    <system-err><![CDATA[WARNING: A Java agent has been loaded dynamically (C:\Users\Fernando\.m2\repository\net\bytebuddy\byte-buddy-agent\1.14.19\byte-buddy-agent-1.14.19.jar)
WARNING: If a serviceability tool is in use, please run with -XX:+EnableDynamicAgentLoading to hide this warning
WARNING: If a serviceability tool is not in use, please run with -Djdk.instrument.traceUsage for more information
WARNING: Dynamic loading of agents will be disallowed by default in a future release
]]></system-err>
  </testcase>
  <testcase name="deleteBudgetThroughSpanishEndpointRemovesItFromActiveList" classname="com.raccooncash.api.AplicacionRaccoonCashApiTests" time="0.097">
    <system-out><![CDATA[
  .   ____          _            __ _ _
 /\\ / ___'_ __ _ _(_)_ __  __ _ \ \ \ \
( ( )\___ | '_ | '_| | '_ \/ _` | \ \ \ \
 \\/  ___)| |_)| | | | | || (_| |  ) ) ) )
  '  |____| .__|_| |_|_| |_\__, | / / / /
 =========|_|==============|___/=/_/_/_/

 :: Spring Boot ::                (v3.3.5)

2026-06-22T16:57:32.043-06:00  INFO 8348 --- [raccoon-cash-api] [           main] c.r.api.AplicacionRaccoonCashApiTests    : Starting AplicacionRaccoonCashApiTests using Java 25 with PID 8348 (started by Fernando in C:\Users\Fernando\Desktop\Raccoon_Cash\Raccoon_Cash\raccoon-cash-api\raccoon-cash-api)
2026-06-22T16:57:32.044-06:00  INFO 8348 --- [raccoon-cash-api] [           main] c.r.api.AplicacionRaccoonCashApiTests    : No active profile set, falling back to 1 default profile: "default"
2026-06-22T16:57:32.212-06:00  INFO 8348 --- [raccoon-cash-api] [           main] .s.d.r.c.RepositoryConfigurationDelegate : Bootstrapping Spring Data JPA repositories in DEFAULT mode.
2026-06-22T16:57:32.228-06:00  INFO 8348 --- [raccoon-cash-api] [           main] .s.d.r.c.RepositoryConfigurationDelegate : Finished Spring Data repository scanning in 16 ms. Found 8 JPA repository interfaces.
2026-06-22T16:57:32.278-06:00  INFO 8348 --- [raccoon-cash-api] [           main] o.hibernate.jpa.internal.util.LogHelper  : HHH000204: Processing PersistenceUnitInfo [name: default]
2026-06-22T16:57:32.283-06:00  INFO 8348 --- [raccoon-cash-api] [           main] o.h.c.internal.RegionFactoryInitiator    : HHH000026: Second-level cache disabled
2026-06-22T16:57:32.295-06:00  INFO 8348 --- [raccoon-cash-api] [           main] o.s.o.j.p.SpringPersistenceUnitInfo      : No LoadTimeWeaver setup: ignoring JPA class transformer
2026-06-22T16:57:32.297-06:00  INFO 8348 --- [raccoon-cash-api] [           main] com.zaxxer.hikari.HikariDataSource       : HikariPool-2 - Starting...
2026-06-22T16:57:32.298-06:00  INFO 8348 --- [raccoon-cash-api] [           main] com.zaxxer.hikari.pool.HikariPool        : HikariPool-2 - Added connection conn10: url=jdbc:h2:mem:raccoon_cash_test user=SA
2026-06-22T16:57:32.299-06:00  INFO 8348 --- [raccoon-cash-api] [           main] com.zaxxer.hikari.HikariDataSource       : HikariPool-2 - Start completed.
2026-06-22T16:57:32.451-06:00  INFO 8348 --- [raccoon-cash-api] [           main] o.h.e.t.j.p.i.JtaPlatformInitiator       : HHH000489: No JTA platform available (set 'hibernate.transaction.jta.platform' to enable JTA platform integration)
Hibernate: drop table if exists accounts cascade 
Hibernate: drop table if exists budget_category_limits cascade 
Hibernate: drop table if exists budgets cascade 
Hibernate: drop table if exists categories cascade 
Hibernate: drop table if exists debt_payments cascade 
Hibernate: drop table if exists debts cascade 
Hibernate: drop table if exists saving_goal cascade 
Hibernate: drop table if exists sub_categories cascade 
Hibernate: drop table if exists transactions cascade 
Hibernate: create table accounts (active boolean not null, current_balance numeric(38,2) not null, decimal_precision integer, initial_balance numeric(38,2) not null, created_at timestamp(6), id bigint generated by default as identity, updated_at timestamp(6), color varchar(255), currency varchar(255) not null, name varchar(255) not null, type enum ('BANK','CASH','CREDIT_CARD','OTHER','SAVINGS') not null, primary key (id))
Hibernate: create table budget_category_limits (amount_limit numeric(38,2) not null, budget_id bigint not null, category_id bigint not null, id bigint generated by default as identity, primary key (id))
Hibernate: create table budgets (active boolean not null, amount_limit numeric(38,2) not null, end_date date not null, expense boolean, include_all_transactions boolean, period_value integer, start_date date not null, created_at timestamp(6), id bigint generated by default as identity, updated_at timestamp(6), color varchar(255), name varchar(255) not null, period_type varchar(255) not null, primary key (id))
Hibernate: create table categories (active boolean not null, created_at timestamp(6), id bigint generated by default as identity, parent_category_id bigint, updated_at timestamp(6), color varchar(255), icon varchar(255), name varchar(255) not null, type enum ('EXPENSE','INCOME') not null, primary key (id))
Hibernate: create table debt_payments (amount numeric(38,2) not null, payment_date date not null, created_at timestamp(6), debt_id bigint not null, id bigint generated by default as identity, notes varchar(255), primary key (id))
Hibernate: create table debts (active boolean not null, due_date date, paid_amount numeric(38,2) not null, remaining_amount numeric(38,2) not null, total_amount numeric(38,2) not null, account_id bigint not null, created_at timestamp(6), id bigint generated by default as identity, updated_at timestamp(6), description varchar(255), person_name varchar(255) not null, status enum ('CANCELLED','PAID','PARTIALLY_PAID','PENDING') not null, type enum ('I_OWE','OWED_TO_ME') not null, primary key (id))
Hibernate: create table saving_goal (deadline date, target_amount float(53), id bigint generated by default as identity, color varchar(255), currency varchar(255), icon varchar(255), name varchar(255), primary key (id))
Hibernate: create table sub_categories (active boolean not null, category_id bigint not null, created_at timestamp(6), id bigint generated by default as identity, updated_at timestamp(6), name varchar(255) not null, primary key (id))
Hibernate: create table transactions (active boolean, amount numeric(38,2) not null, account_id bigint not null, category_id bigint, created_at timestamp(6), date timestamp(6) not null, id bigint generated by default as identity, saving_goal_id bigint, to_account_id bigint, updated_at timestamp(6), description varchar(255) not null, notes varchar(255), type enum ('EXPENSE','INCOME','TRANSFER') not null, primary key (id))
Hibernate: alter table if exists budget_category_limits add constraint FKayhvpoc35fcbj6l0yly0mukir foreign key (budget_id) references budgets
Hibernate: alter table if exists budget_category_limits add constraint FKjkm70g420xl83mixgy8m30on6 foreign key (category_id) references categories
Hibernate: alter table if exists categories add constraint FK9il7y6fehxwunjeepq0n7g5rd foreign key (parent_category_id) references categories
Hibernate: alter table if exists debt_payments add constraint FKf9k7kd2li57kwv61dg2aio1vb foreign key (debt_id) references debts
Hibernate: alter table if exists debts add constraint FK4hf69rko6foncbos0pilxprn7 foreign key (account_id) references accounts
Hibernate: alter table if exists sub_categories add constraint FKjwy7imy3rf6r99x48ydq45otw foreign key (category_id) references categories
Hibernate: alter table if exists transactions add constraint FK20w7wsg13u9srbq3bd7chfxdh foreign key (account_id) references accounts
Hibernate: alter table if exists transactions add constraint FKsqqi7sneo04kast0o138h19mv foreign key (category_id) references categories
Hibernate: alter table if exists transactions add constraint FKcryg79fy1gjgwm8nysi5vcddn foreign key (saving_goal_id) references saving_goal
Hibernate: alter table if exists transactions add constraint FKra0an432c5wjo76mojluk0v28 foreign key (to_account_id) references accounts
2026-06-22T16:57:32.471-06:00  INFO 8348 --- [raccoon-cash-api] [           main] j.LocalContainerEntityManagerFactoryBean : Initialized JPA EntityManagerFactory for persistence unit 'default'
2026-06-22T16:57:32.623-06:00  WARN 8348 --- [raccoon-cash-api] [           main] JpaBaseConfiguration$JpaWebConfiguration : spring.jpa.open-in-view is enabled by default. Therefore, database queries may be performed during view rendering. Explicitly configure spring.jpa.open-in-view to disable this warning
2026-06-22T16:57:32.717-06:00  INFO 8348 --- [raccoon-cash-api] [           main] o.s.b.t.m.w.SpringBootMockServletContext : Initializing Spring TestDispatcherServlet ''
2026-06-22T16:57:32.717-06:00  INFO 8348 --- [raccoon-cash-api] [           main] o.s.t.web.servlet.TestDispatcherServlet  : Initializing Servlet ''
2026-06-22T16:57:32.718-06:00  INFO 8348 --- [raccoon-cash-api] [           main] o.s.t.web.servlet.TestDispatcherServlet  : Completed initialization in 1 ms
2026-06-22T16:57:32.724-06:00  INFO 8348 --- [raccoon-cash-api] [           main] c.r.api.AplicacionRaccoonCashApiTests    : Started AplicacionRaccoonCashApiTests in 0.705 seconds (process running for 8.525)
2026-06-22T16:57:32.726-06:00  INFO 8348 --- [raccoon-cash-api] [           main] c.r.a.p.PresupuestoEsquemaInicializador  : Restriccion obsoleta budgets_period_type_check eliminada o inexistente
Hibernate: insert into budgets (active,amount_limit,color,created_at,end_date,expense,include_all_transactions,name,period_type,period_value,start_date,updated_at,id) values (?,?,?,?,?,?,?,?,?,?,?,?,default)
Hibernate: select distinct t1_0.id,t1_0.account_id,a1_0.id,a1_0.active,a1_0.color,a1_0.created_at,a1_0.currency,a1_0.current_balance,a1_0.decimal_precision,a1_0.initial_balance,a1_0.name,a1_0.type,a1_0.updated_at,t1_0.active,t1_0.amount,c1_0.id,c1_0.active,c1_0.color,c1_0.created_at,c1_0.icon,c1_0.name,c1_0.parent_category_id,c1_0.type,c1_0.updated_at,t1_0.created_at,t1_0.date,t1_0.description,t1_0.notes,t1_0.saving_goal_id,ta1_0.id,ta1_0.active,ta1_0.color,ta1_0.created_at,ta1_0.currency,ta1_0.current_balance,ta1_0.decimal_precision,ta1_0.initial_balance,ta1_0.name,ta1_0.type,ta1_0.updated_at,t1_0.type,t1_0.updated_at from transactions t1_0 join accounts a1_0 on a1_0.id=t1_0.account_id left join accounts ta1_0 on ta1_0.id=t1_0.to_account_id left join categories c1_0 on c1_0.id=t1_0.category_id where (t1_0.active=true or t1_0.active is null) and t1_0.type=? and t1_0.date>=? and t1_0.date<=? order by t1_0.date desc
Hibernate: select p1_0.id,p1_0.active,p1_0.amount_limit,p1_0.color,p1_0.created_at,p1_0.end_date,p1_0.expense,p1_0.include_all_transactions,p1_0.name,p1_0.period_type,p1_0.period_value,p1_0.start_date,p1_0.updated_at from budgets p1_0 where p1_0.id=? and p1_0.active
Hibernate: select distinct t1_0.id,t1_0.account_id,a1_0.id,a1_0.active,a1_0.color,a1_0.created_at,a1_0.currency,a1_0.current_balance,a1_0.decimal_precision,a1_0.initial_balance,a1_0.name,a1_0.type,a1_0.updated_at,t1_0.active,t1_0.amount,c1_0.id,c1_0.active,c1_0.color,c1_0.created_at,c1_0.icon,c1_0.name,c1_0.parent_category_id,c1_0.type,c1_0.updated_at,t1_0.created_at,t1_0.date,t1_0.description,t1_0.notes,t1_0.saving_goal_id,ta1_0.id,ta1_0.active,ta1_0.color,ta1_0.created_at,ta1_0.currency,ta1_0.current_balance,ta1_0.decimal_precision,ta1_0.initial_balance,ta1_0.name,ta1_0.type,ta1_0.updated_at,t1_0.type,t1_0.updated_at from transactions t1_0 join accounts a1_0 on a1_0.id=t1_0.account_id left join accounts ta1_0 on ta1_0.id=t1_0.to_account_id left join categories c1_0 on c1_0.id=t1_0.category_id where (t1_0.active=true or t1_0.active is null) and t1_0.type=? and t1_0.date>=? and t1_0.date<=? order by t1_0.date desc
Hibernate: update budgets set active=?,amount_limit=?,color=?,created_at=?,end_date=?,expense=?,include_all_transactions=?,name=?,period_type=?,period_value=?,start_date=?,updated_at=? where id=?
Hibernate: select p1_0.id,p1_0.active,p1_0.amount_limit,p1_0.color,p1_0.created_at,p1_0.end_date,p1_0.expense,p1_0.include_all_transactions,p1_0.name,p1_0.period_type,p1_0.period_value,p1_0.start_date,p1_0.updated_at from budgets p1_0 where p1_0.id=? and p1_0.active
Hibernate: update budgets set active=?,amount_limit=?,color=?,created_at=?,end_date=?,expense=?,include_all_transactions=?,name=?,period_type=?,period_value=?,start_date=?,updated_at=? where id=?
Hibernate: select p1_0.id,p1_0.active,p1_0.amount_limit,p1_0.color,p1_0.created_at,p1_0.end_date,p1_0.expense,p1_0.include_all_transactions,p1_0.name,p1_0.period_type,p1_0.period_value,p1_0.start_date,p1_0.updated_at from budgets p1_0 where p1_0.active order by p1_0.start_date desc
2026-06-22T16:57:32.818-06:00  INFO 8348 --- [raccoon-cash-api] [           main] j.LocalContainerEntityManagerFactoryBean : Closing JPA EntityManagerFactory for persistence unit 'default'
Hibernate: drop table if exists accounts cascade 
Hibernate: drop table if exists budget_category_limits cascade 
Hibernate: drop table if exists budgets cascade 
Hibernate: drop table if exists categories cascade 
Hibernate: drop table if exists debt_payments cascade 
Hibernate: drop table if exists debts cascade 
Hibernate: drop table if exists saving_goal cascade 
Hibernate: drop table if exists sub_categories cascade 
Hibernate: drop table if exists transactions cascade 
2026-06-22T16:57:32.823-06:00  INFO 8348 --- [raccoon-cash-api] [           main] com.zaxxer.hikari.HikariDataSource       : HikariPool-2 - Shutdown initiated...
2026-06-22T16:57:32.824-06:00  INFO 8348 --- [raccoon-cash-api] [           main] com.zaxxer.hikari.HikariDataSource       : HikariPool-2 - Shutdown completed.
]]></system-out>
  </testcase>
  <testcase name="savingBudgetCanTrackIncomeCategoryLimits" classname="com.raccooncash.api.AplicacionRaccoonCashApiTests" time="0.096">
    <system-out><![CDATA[
  .   ____          _            __ _ _
 /\\ / ___'_ __ _ _(_)_ __  __ _ \ \ \ \
( ( )\___ | '_ | '_| | '_ \/ _` | \ \ \ \
 \\/  ___)| |_)| | | | | || (_| |  ) ) ) )
  '  |____| .__|_| |_|_| |_\__, | / / / /
 =========|_|==============|___/=/_/_/_/

 :: Spring Boot ::                (v3.3.5)

2026-06-22T16:57:32.856-06:00  INFO 8348 --- [raccoon-cash-api] [           main] c.r.api.AplicacionRaccoonCashApiTests    : Starting AplicacionRaccoonCashApiTests using Java 25 with PID 8348 (started by Fernando in C:\Users\Fernando\Desktop\Raccoon_Cash\Raccoon_Cash\raccoon-cash-api\raccoon-cash-api)
2026-06-22T16:57:32.856-06:00  INFO 8348 --- [raccoon-cash-api] [           main] c.r.api.AplicacionRaccoonCashApiTests    : No active profile set, falling back to 1 default profile: "default"
2026-06-22T16:57:33.007-06:00  INFO 8348 --- [raccoon-cash-api] [           main] .s.d.r.c.RepositoryConfigurationDelegate : Bootstrapping Spring Data JPA repositories in DEFAULT mode.
2026-06-22T16:57:33.033-06:00  INFO 8348 --- [raccoon-cash-api] [           main] .s.d.r.c.RepositoryConfigurationDelegate : Finished Spring Data repository scanning in 25 ms. Found 8 JPA repository interfaces.
2026-06-22T16:57:33.093-06:00  INFO 8348 --- [raccoon-cash-api] [           main] o.hibernate.jpa.internal.util.LogHelper  : HHH000204: Processing PersistenceUnitInfo [name: default]
2026-06-22T16:57:33.096-06:00  INFO 8348 --- [raccoon-cash-api] [           main] o.h.c.internal.RegionFactoryInitiator    : HHH000026: Second-level cache disabled
2026-06-22T16:57:33.110-06:00  INFO 8348 --- [raccoon-cash-api] [           main] o.s.o.j.p.SpringPersistenceUnitInfo      : No LoadTimeWeaver setup: ignoring JPA class transformer
2026-06-22T16:57:33.111-06:00  INFO 8348 --- [raccoon-cash-api] [           main] com.zaxxer.hikari.HikariDataSource       : HikariPool-3 - Starting...
2026-06-22T16:57:33.112-06:00  INFO 8348 --- [raccoon-cash-api] [           main] com.zaxxer.hikari.pool.HikariPool        : HikariPool-3 - Added connection conn20: url=jdbc:h2:mem:raccoon_cash_test user=SA
2026-06-22T16:57:33.112-06:00  INFO 8348 --- [raccoon-cash-api] [           main] com.zaxxer.hikari.HikariDataSource       : HikariPool-3 - Start completed.
2026-06-22T16:57:33.271-06:00  INFO 8348 --- [raccoon-cash-api] [           main] o.h.e.t.j.p.i.JtaPlatformInitiator       : HHH000489: No JTA platform available (set 'hibernate.transaction.jta.platform' to enable JTA platform integration)
Hibernate: drop table if exists accounts cascade 
Hibernate: drop table if exists budget_category_limits cascade 
Hibernate: drop table if exists budgets cascade 
Hibernate: drop table if exists categories cascade 
Hibernate: drop table if exists debt_payments cascade 
Hibernate: drop table if exists debts cascade 
Hibernate: drop table if exists saving_goal cascade 
Hibernate: drop table if exists sub_categories cascade 
Hibernate: drop table if exists transactions cascade 
Hibernate: create table accounts (active boolean not null, current_balance numeric(38,2) not null, decimal_precision integer, initial_balance numeric(38,2) not null, created_at timestamp(6), id bigint generated by default as identity, updated_at timestamp(6), color varchar(255), currency varchar(255) not null, name varchar(255) not null, type enum ('BANK','CASH','CREDIT_CARD','OTHER','SAVINGS') not null, primary key (id))
Hibernate: create table budget_category_limits (amount_limit numeric(38,2) not null, budget_id bigint not null, category_id bigint not null, id bigint generated by default as identity, primary key (id))
Hibernate: create table budgets (active boolean not null, amount_limit numeric(38,2) not null, end_date date not null, expense boolean, include_all_transactions boolean, period_value integer, start_date date not null, created_at timestamp(6), id bigint generated by default as identity, updated_at timestamp(6), color varchar(255), name varchar(255) not null, period_type varchar(255) not null, primary key (id))
Hibernate: create table categories (active boolean not null, created_at timestamp(6), id bigint generated by default as identity, parent_category_id bigint, updated_at timestamp(6), color varchar(255), icon varchar(255), name varchar(255) not null, type enum ('EXPENSE','INCOME') not null, primary key (id))
Hibernate: create table debt_payments (amount numeric(38,2) not null, payment_date date not null, created_at timestamp(6), debt_id bigint not null, id bigint generated by default as identity, notes varchar(255), primary key (id))
Hibernate: create table debts (active boolean not null, due_date date, paid_amount numeric(38,2) not null, remaining_amount numeric(38,2) not null, total_amount numeric(38,2) not null, account_id bigint not null, created_at timestamp(6), id bigint generated by default as identity, updated_at timestamp(6), description varchar(255), person_name varchar(255) not null, status enum ('CANCELLED','PAID','PARTIALLY_PAID','PENDING') not null, type enum ('I_OWE','OWED_TO_ME') not null, primary key (id))
Hibernate: create table saving_goal (deadline date, target_amount float(53), id bigint generated by default as identity, color varchar(255), currency varchar(255), icon varchar(255), name varchar(255), primary key (id))
Hibernate: create table sub_categories (active boolean not null, category_id bigint not null, created_at timestamp(6), id bigint generated by default as identity, updated_at timestamp(6), name varchar(255) not null, primary key (id))
Hibernate: create table transactions (active boolean, amount numeric(38,2) not null, account_id bigint not null, category_id bigint, created_at timestamp(6), date timestamp(6) not null, id bigint generated by default as identity, saving_goal_id bigint, to_account_id bigint, updated_at timestamp(6), description varchar(255) not null, notes varchar(255), type enum ('EXPENSE','INCOME','TRANSFER') not null, primary key (id))
Hibernate: alter table if exists budget_category_limits add constraint FKayhvpoc35fcbj6l0yly0mukir foreign key (budget_id) references budgets
Hibernate: alter table if exists budget_category_limits add constraint FKjkm70g420xl83mixgy8m30on6 foreign key (category_id) references categories
Hibernate: alter table if exists categories add constraint FK9il7y6fehxwunjeepq0n7g5rd foreign key (parent_category_id) references categories
Hibernate: alter table if exists debt_payments add constraint FKf9k7kd2li57kwv61dg2aio1vb foreign key (debt_id) references debts
Hibernate: alter table if exists debts add constraint FK4hf69rko6foncbos0pilxprn7 foreign key (account_id) references accounts
Hibernate: alter table if exists sub_categories add constraint FKjwy7imy3rf6r99x48ydq45otw foreign key (category_id) references categories
Hibernate: alter table if exists transactions add constraint FK20w7wsg13u9srbq3bd7chfxdh foreign key (account_id) references accounts
Hibernate: alter table if exists transactions add constraint FKsqqi7sneo04kast0o138h19mv foreign key (category_id) references categories
Hibernate: alter table if exists transactions add constraint FKcryg79fy1gjgwm8nysi5vcddn foreign key (saving_goal_id) references saving_goal
Hibernate: alter table if exists transactions add constraint FKra0an432c5wjo76mojluk0v28 foreign key (to_account_id) references accounts
2026-06-22T16:57:33.291-06:00  INFO 8348 --- [raccoon-cash-api] [           main] j.LocalContainerEntityManagerFactoryBean : Initialized JPA EntityManagerFactory for persistence unit 'default'
2026-06-22T16:57:33.391-06:00  WARN 8348 --- [raccoon-cash-api] [           main] JpaBaseConfiguration$JpaWebConfiguration : spring.jpa.open-in-view is enabled by default. Therefore, database queries may be performed during view rendering. Explicitly configure spring.jpa.open-in-view to disable this warning
2026-06-22T16:57:33.466-06:00  INFO 8348 --- [raccoon-cash-api] [           main] o.s.b.t.m.w.SpringBootMockServletContext : Initializing Spring TestDispatcherServlet ''
2026-06-22T16:57:33.466-06:00  INFO 8348 --- [raccoon-cash-api] [           main] o.s.t.web.servlet.TestDispatcherServlet  : Initializing Servlet ''
2026-06-22T16:57:33.467-06:00  INFO 8348 --- [raccoon-cash-api] [           main] o.s.t.web.servlet.TestDispatcherServlet  : Completed initialization in 0 ms
2026-06-22T16:57:33.472-06:00  INFO 8348 --- [raccoon-cash-api] [           main] c.r.api.AplicacionRaccoonCashApiTests    : Started AplicacionRaccoonCashApiTests in 0.645 seconds (process running for 9.273)
2026-06-22T16:57:33.473-06:00  INFO 8348 --- [raccoon-cash-api] [           main] c.r.a.p.PresupuestoEsquemaInicializador  : Restriccion obsoleta budgets_period_type_check eliminada o inexistente
Hibernate: insert into accounts (active,color,created_at,currency,current_balance,decimal_precision,initial_balance,name,type,updated_at,id) values (?,?,?,?,?,?,?,?,?,?,default)
Hibernate: insert into categories (active,color,created_at,icon,name,parent_category_id,type,updated_at,id) values (?,?,?,?,?,?,?,?,default)
Hibernate: insert into budgets (active,amount_limit,color,created_at,end_date,expense,include_all_transactions,name,period_type,period_value,start_date,updated_at,id) values (?,?,?,?,?,?,?,?,?,?,?,?,default)
Hibernate: select distinct t1_0.id,t1_0.account_id,a1_0.id,a1_0.active,a1_0.color,a1_0.created_at,a1_0.currency,a1_0.current_balance,a1_0.decimal_precision,a1_0.initial_balance,a1_0.name,a1_0.type,a1_0.updated_at,t1_0.active,t1_0.amount,c1_0.id,c1_0.active,c1_0.color,c1_0.created_at,c1_0.icon,c1_0.name,c1_0.parent_category_id,c1_0.type,c1_0.updated_at,t1_0.created_at,t1_0.date,t1_0.description,t1_0.notes,t1_0.saving_goal_id,ta1_0.id,ta1_0.active,ta1_0.color,ta1_0.created_at,ta1_0.currency,ta1_0.current_balance,ta1_0.decimal_precision,ta1_0.initial_balance,ta1_0.name,ta1_0.type,ta1_0.updated_at,t1_0.type,t1_0.updated_at from transactions t1_0 join accounts a1_0 on a1_0.id=t1_0.account_id left join accounts ta1_0 on ta1_0.id=t1_0.to_account_id left join categories c1_0 on c1_0.id=t1_0.category_id where (t1_0.active=true or t1_0.active is null) and t1_0.date>=? and t1_0.date<=? order by t1_0.date desc
Hibernate: select lcp1_0.id,lcp1_0.amount_limit,lcp1_0.budget_id,lcp1_0.category_id from budget_category_limits lcp1_0 where lcp1_0.budget_id=?
Hibernate: select p1_0.id,p1_0.active,p1_0.amount_limit,p1_0.color,p1_0.created_at,p1_0.end_date,p1_0.expense,p1_0.include_all_transactions,p1_0.name,p1_0.period_type,p1_0.period_value,p1_0.start_date,p1_0.updated_at from budgets p1_0 where p1_0.id=? and p1_0.active
Hibernate: select c1_0.id,c1_0.active,c1_0.color,c1_0.created_at,c1_0.icon,c1_0.name,c1_0.parent_category_id,c1_0.type,c1_0.updated_at from categories c1_0 where c1_0.id=? and c1_0.active
Hibernate: insert into budget_category_limits (amount_limit,budget_id,category_id,id) values (?,?,?,default)
Hibernate: select c1_0.id,c1_0.active,c1_0.color,c1_0.created_at,c1_0.currency,c1_0.current_balance,c1_0.decimal_precision,c1_0.initial_balance,c1_0.name,c1_0.type,c1_0.updated_at from accounts c1_0 where c1_0.id=? and c1_0.active
Hibernate: select c1_0.id,c1_0.active,c1_0.color,c1_0.created_at,c1_0.icon,c1_0.name,c1_0.parent_category_id,c1_0.type,c1_0.updated_at from categories c1_0 where c1_0.id=? and c1_0.active
Hibernate: insert into transactions (account_id,active,amount,category_id,created_at,date,description,notes,saving_goal_id,to_account_id,type,updated_at,id) values (?,?,?,?,?,?,?,?,?,?,?,?,default)
Hibernate: update accounts set active=?,color=?,created_at=?,currency=?,current_balance=?,decimal_precision=?,initial_balance=?,name=?,type=?,updated_at=? where id=?
Hibernate: select p1_0.id,p1_0.active,p1_0.amount_limit,p1_0.color,p1_0.created_at,p1_0.end_date,p1_0.expense,p1_0.include_all_transactions,p1_0.name,p1_0.period_type,p1_0.period_value,p1_0.start_date,p1_0.updated_at from budgets p1_0 where p1_0.id=? and p1_0.active
Hibernate: select distinct t1_0.id,t1_0.account_id,a1_0.id,a1_0.active,a1_0.color,a1_0.created_at,a1_0.currency,a1_0.current_balance,a1_0.decimal_precision,a1_0.initial_balance,a1_0.name,a1_0.type,a1_0.updated_at,t1_0.active,t1_0.amount,c1_0.id,c1_0.active,c1_0.color,c1_0.created_at,c1_0.icon,c1_0.name,c1_0.parent_category_id,c1_0.type,c1_0.updated_at,t1_0.created_at,t1_0.date,t1_0.description,t1_0.notes,t1_0.saving_goal_id,ta1_0.id,ta1_0.active,ta1_0.color,ta1_0.created_at,ta1_0.currency,ta1_0.current_balance,ta1_0.decimal_precision,ta1_0.initial_balance,ta1_0.name,ta1_0.type,ta1_0.updated_at,t1_0.type,t1_0.updated_at from transactions t1_0 join accounts a1_0 on a1_0.id=t1_0.account_id left join accounts ta1_0 on ta1_0.id=t1_0.to_account_id left join categories c1_0 on c1_0.id=t1_0.category_id where (t1_0.active=true or t1_0.active is null) and t1_0.date>=? and t1_0.date<=? order by t1_0.date desc
Hibernate: select lcp1_0.id,lcp1_0.amount_limit,lcp1_0.budget_id,lcp1_0.category_id from budget_category_limits lcp1_0 where lcp1_0.budget_id=?
2026-06-22T16:57:33.568-06:00  INFO 8348 --- [raccoon-cash-api] [           main] j.LocalContainerEntityManagerFactoryBean : Closing JPA EntityManagerFactory for persistence unit 'default'
Hibernate: drop table if exists accounts cascade 
Hibernate: drop table if exists budget_category_limits cascade 
Hibernate: drop table if exists budgets cascade 
Hibernate: drop table if exists categories cascade 
Hibernate: drop table if exists debt_payments cascade 
Hibernate: drop table if exists debts cascade 
Hibernate: drop table if exists saving_goal cascade 
Hibernate: drop table if exists sub_categories cascade 
Hibernate: drop table if exists transactions cascade 
2026-06-22T16:57:33.571-06:00  INFO 8348 --- [raccoon-cash-api] [           main] com.zaxxer.hikari.HikariDataSource       : HikariPool-3 - Shutdown initiated...
2026-06-22T16:57:33.572-06:00  INFO 8348 --- [raccoon-cash-api] [           main] com.zaxxer.hikari.HikariDataSource       : HikariPool-3 - Shutdown completed.
]]></system-out>
  </testcase>
  <testcase name="contextLoads" classname="com.raccooncash.api.AplicacionRaccoonCashApiTests" time="0.048">
    <system-out><![CDATA[
  .   ____          _            __ _ _
 /\\ / ___'_ __ _ _(_)_ __  __ _ \ \ \ \
( ( )\___ | '_ | '_| | '_ \/ _` | \ \ \ \
 \\/  ___)| |_)| | | | | || (_| |  ) ) ) )
  '  |____| .__|_| |_|_| |_\__, | / / / /
 =========|_|==============|___/=/_/_/_/

 :: Spring Boot ::                (v3.3.5)

2026-06-22T16:57:33.594-06:00  INFO 8348 --- [raccoon-cash-api] [           main] c.r.api.AplicacionRaccoonCashApiTests    : Starting AplicacionRaccoonCashApiTests using Java 25 with PID 8348 (started by Fernando in C:\Users\Fernando\Desktop\Raccoon_Cash\Raccoon_Cash\raccoon-cash-api\raccoon-cash-api)
2026-06-22T16:57:33.594-06:00  INFO 8348 --- [raccoon-cash-api] [           main] c.r.api.AplicacionRaccoonCashApiTests    : No active profile set, falling back to 1 default profile: "default"
2026-06-22T16:57:33.728-06:00  INFO 8348 --- [raccoon-cash-api] [           main] .s.d.r.c.RepositoryConfigurationDelegate : Bootstrapping Spring Data JPA repositories in DEFAULT mode.
2026-06-22T16:57:33.745-06:00  INFO 8348 --- [raccoon-cash-api] [           main] .s.d.r.c.RepositoryConfigurationDelegate : Finished Spring Data repository scanning in 17 ms. Found 8 JPA repository interfaces.
2026-06-22T16:57:33.787-06:00  INFO 8348 --- [raccoon-cash-api] [           main] o.hibernate.jpa.internal.util.LogHelper  : HHH000204: Processing PersistenceUnitInfo [name: default]
2026-06-22T16:57:33.789-06:00  INFO 8348 --- [raccoon-cash-api] [           main] o.h.c.internal.RegionFactoryInitiator    : HHH000026: Second-level cache disabled
2026-06-22T16:57:33.798-06:00  INFO 8348 --- [raccoon-cash-api] [           main] o.s.o.j.p.SpringPersistenceUnitInfo      : No LoadTimeWeaver setup: ignoring JPA class transformer
2026-06-22T16:57:33.799-06:00  INFO 8348 --- [raccoon-cash-api] [           main] com.zaxxer.hikari.HikariDataSource       : HikariPool-4 - Starting...
2026-06-22T16:57:33.800-06:00  INFO 8348 --- [raccoon-cash-api] [           main] com.zaxxer.hikari.pool.HikariPool        : HikariPool-4 - Added connection conn30: url=jdbc:h2:mem:raccoon_cash_test user=SA
2026-06-22T16:57:33.800-06:00  INFO 8348 --- [raccoon-cash-api] [           main] com.zaxxer.hikari.HikariDataSource       : HikariPool-4 - Start completed.
2026-06-22T16:57:33.926-06:00  INFO 8348 --- [raccoon-cash-api] [           main] o.h.e.t.j.p.i.JtaPlatformInitiator       : HHH000489: No JTA platform available (set 'hibernate.transaction.jta.platform' to enable JTA platform integration)
Hibernate: drop table if exists accounts cascade 
Hibernate: drop table if exists budget_category_limits cascade 
Hibernate: drop table if exists budgets cascade 
Hibernate: drop table if exists categories cascade 
Hibernate: drop table if exists debt_payments cascade 
Hibernate: drop table if exists debts cascade 
Hibernate: drop table if exists saving_goal cascade 
Hibernate: drop table if exists sub_categories cascade 
Hibernate: drop table if exists transactions cascade 
Hibernate: create table accounts (active boolean not null, current_balance numeric(38,2) not null, decimal_precision integer, initial_balance numeric(38,2) not null, created_at timestamp(6), id bigint generated by default as identity, updated_at timestamp(6), color varchar(255), currency varchar(255) not null, name varchar(255) not null, type enum ('BANK','CASH','CREDIT_CARD','OTHER','SAVINGS') not null, primary key (id))
Hibernate: create table budget_category_limits (amount_limit numeric(38,2) not null, budget_id bigint not null, category_id bigint not null, id bigint generated by default as identity, primary key (id))
Hibernate: create table budgets (active boolean not null, amount_limit numeric(38,2) not null, end_date date not null, expense boolean, include_all_transactions boolean, period_value integer, start_date date not null, created_at timestamp(6), id bigint generated by default as identity, updated_at timestamp(6), color varchar(255), name varchar(255) not null, period_type varchar(255) not null, primary key (id))
Hibernate: create table categories (active boolean not null, created_at timestamp(6), id bigint generated by default as identity, parent_category_id bigint, updated_at timestamp(6), color varchar(255), icon varchar(255), name varchar(255) not null, type enum ('EXPENSE','INCOME') not null, primary key (id))
Hibernate: create table debt_payments (amount numeric(38,2) not null, payment_date date not null, created_at timestamp(6), debt_id bigint not null, id bigint generated by default as identity, notes varchar(255), primary key (id))
Hibernate: create table debts (active boolean not null, due_date date, paid_amount numeric(38,2) not null, remaining_amount numeric(38,2) not null, total_amount numeric(38,2) not null, account_id bigint not null, created_at timestamp(6), id bigint generated by default as identity, updated_at timestamp(6), description varchar(255), person_name varchar(255) not null, status enum ('CANCELLED','PAID','PARTIALLY_PAID','PENDING') not null, type enum ('I_OWE','OWED_TO_ME') not null, primary key (id))
Hibernate: create table saving_goal (deadline date, target_amount float(53), id bigint generated by default as identity, color varchar(255), currency varchar(255), icon varchar(255), name varchar(255), primary key (id))
Hibernate: create table sub_categories (active boolean not null, category_id bigint not null, created_at timestamp(6), id bigint generated by default as identity, updated_at timestamp(6), name varchar(255) not null, primary key (id))
Hibernate: create table transactions (active boolean, amount numeric(38,2) not null, account_id bigint not null, category_id bigint, created_at timestamp(6), date timestamp(6) not null, id bigint generated by default as identity, saving_goal_id bigint, to_account_id bigint, updated_at timestamp(6), description varchar(255) not null, notes varchar(255), type enum ('EXPENSE','INCOME','TRANSFER') not null, primary key (id))
Hibernate: alter table if exists budget_category_limits add constraint FKayhvpoc35fcbj6l0yly0mukir foreign key (budget_id) references budgets
Hibernate: alter table if exists budget_category_limits add constraint FKjkm70g420xl83mixgy8m30on6 foreign key (category_id) references categories
Hibernate: alter table if exists categories add constraint FK9il7y6fehxwunjeepq0n7g5rd foreign key (parent_category_id) references categories
Hibernate: alter table if exists debt_payments add constraint FKf9k7kd2li57kwv61dg2aio1vb foreign key (debt_id) references debts
Hibernate: alter table if exists debts add constraint FK4hf69rko6foncbos0pilxprn7 foreign key (account_id) references accounts
Hibernate: alter table if exists sub_categories add constraint FKjwy7imy3rf6r99x48ydq45otw foreign key (category_id) references categories
Hibernate: alter table if exists transactions add constraint FK20w7wsg13u9srbq3bd7chfxdh foreign key (account_id) references accounts
Hibernate: alter table if exists transactions add constraint FKsqqi7sneo04kast0o138h19mv foreign key (category_id) references categories
Hibernate: alter table if exists transactions add constraint FKcryg79fy1gjgwm8nysi5vcddn foreign key (saving_goal_id) references saving_goal
Hibernate: alter table if exists transactions add constraint FKra0an432c5wjo76mojluk0v28 foreign key (to_account_id) references accounts
2026-06-22T16:57:33.947-06:00  INFO 8348 --- [raccoon-cash-api] [           main] j.LocalContainerEntityManagerFactoryBean : Initialized JPA EntityManagerFactory for persistence unit 'default'
2026-06-22T16:57:34.070-06:00  WARN 8348 --- [raccoon-cash-api] [           main] JpaBaseConfiguration$JpaWebConfiguration : spring.jpa.open-in-view is enabled by default. Therefore, database queries may be performed during view rendering. Explicitly configure spring.jpa.open-in-view to disable this warning
2026-06-22T16:57:34.153-06:00  INFO 8348 --- [raccoon-cash-api] [           main] o.s.b.t.m.w.SpringBootMockServletContext : Initializing Spring TestDispatcherServlet ''
2026-06-22T16:57:34.153-06:00  INFO 8348 --- [raccoon-cash-api] [           main] o.s.t.web.servlet.TestDispatcherServlet  : Initializing Servlet ''
2026-06-22T16:57:34.154-06:00  INFO 8348 --- [raccoon-cash-api] [           main] o.s.t.web.servlet.TestDispatcherServlet  : Completed initialization in 1 ms
2026-06-22T16:57:34.165-06:00  INFO 8348 --- [raccoon-cash-api] [           main] c.r.api.AplicacionRaccoonCashApiTests    : Started AplicacionRaccoonCashApiTests in 0.591 seconds (process running for 9.966)
2026-06-22T16:57:34.168-06:00  INFO 8348 --- [raccoon-cash-api] [           main] c.r.a.p.PresupuestoEsquemaInicializador  : Restriccion obsoleta budgets_period_type_check eliminada o inexistente
2026-06-22T16:57:34.174-06:00  INFO 8348 --- [raccoon-cash-api] [           main] j.LocalContainerEntityManagerFactoryBean : Closing JPA EntityManagerFactory for persistence unit 'default'
Hibernate: drop table if exists accounts cascade 
Hibernate: drop table if exists budget_category_limits cascade 
Hibernate: drop table if exists budgets cascade 
Hibernate: drop table if exists categories cascade 
Hibernate: drop table if exists debt_payments cascade 
Hibernate: drop table if exists debts cascade 
Hibernate: drop table if exists saving_goal cascade 
Hibernate: drop table if exists sub_categories cascade 
Hibernate: drop table if exists transactions cascade 
2026-06-22T16:57:34.178-06:00  INFO 8348 --- [raccoon-cash-api] [           main] com.zaxxer.hikari.HikariDataSource       : HikariPool-4 - Shutdown initiated...
2026-06-22T16:57:34.217-06:00  INFO 8348 --- [raccoon-cash-api] [           main] com.zaxxer.hikari.HikariDataSource       : HikariPool-4 - Shutdown completed.
]]></system-out>
  </testcase>
  <testcase name="createAndUpdateCategoryPersistParentCategoryId" classname="com.raccooncash.api.AplicacionRaccoonCashApiTests" time="0.146">
    <system-out><![CDATA[
  .   ____          _            __ _ _
 /\\ / ___'_ __ _ _(_)_ __  __ _ \ \ \ \
( ( )\___ | '_ | '_| | '_ \/ _` | \ \ \ \
 \\/  ___)| |_)| | | | | || (_| |  ) ) ) )
  '  |____| .__|_| |_|_| |_\__, | / / / /
 =========|_|==============|___/=/_/_/_/

 :: Spring Boot ::                (v3.3.5)

2026-06-22T16:57:34.245-06:00  INFO 8348 --- [raccoon-cash-api] [           main] c.r.api.AplicacionRaccoonCashApiTests    : Starting AplicacionRaccoonCashApiTests using Java 25 with PID 8348 (started by Fernando in C:\Users\Fernando\Desktop\Raccoon_Cash\Raccoon_Cash\raccoon-cash-api\raccoon-cash-api)
2026-06-22T16:57:34.245-06:00  INFO 8348 --- [raccoon-cash-api] [           main] c.r.api.AplicacionRaccoonCashApiTests    : No active profile set, falling back to 1 default profile: "default"
2026-06-22T16:57:34.385-06:00  INFO 8348 --- [raccoon-cash-api] [           main] .s.d.r.c.RepositoryConfigurationDelegate : Bootstrapping Spring Data JPA repositories in DEFAULT mode.
2026-06-22T16:57:34.405-06:00  INFO 8348 --- [raccoon-cash-api] [           main] .s.d.r.c.RepositoryConfigurationDelegate : Finished Spring Data repository scanning in 18 ms. Found 8 JPA repository interfaces.
2026-06-22T16:57:34.448-06:00  INFO 8348 --- [raccoon-cash-api] [           main] o.hibernate.jpa.internal.util.LogHelper  : HHH000204: Processing PersistenceUnitInfo [name: default]
2026-06-22T16:57:34.452-06:00  INFO 8348 --- [raccoon-cash-api] [           main] o.h.c.internal.RegionFactoryInitiator    : HHH000026: Second-level cache disabled
2026-06-22T16:57:34.461-06:00  INFO 8348 --- [raccoon-cash-api] [           main] o.s.o.j.p.SpringPersistenceUnitInfo      : No LoadTimeWeaver setup: ignoring JPA class transformer
2026-06-22T16:57:34.462-06:00  INFO 8348 --- [raccoon-cash-api] [           main] com.zaxxer.hikari.HikariDataSource       : HikariPool-5 - Starting...
2026-06-22T16:57:34.463-06:00  INFO 8348 --- [raccoon-cash-api] [           main] com.zaxxer.hikari.pool.HikariPool        : HikariPool-5 - Added connection conn39: url=jdbc:h2:mem:raccoon_cash_test user=SA
2026-06-22T16:57:34.463-06:00  INFO 8348 --- [raccoon-cash-api] [           main] com.zaxxer.hikari.HikariDataSource       : HikariPool-5 - Start completed.
2026-06-22T16:57:34.571-06:00  INFO 8348 --- [raccoon-cash-api] [           main] o.h.e.t.j.p.i.JtaPlatformInitiator       : HHH000489: No JTA platform available (set 'hibernate.transaction.jta.platform' to enable JTA platform integration)
Hibernate: drop table if exists accounts cascade 
Hibernate: drop table if exists budget_category_limits cascade 
Hibernate: drop table if exists budgets cascade 
Hibernate: drop table if exists categories cascade 
Hibernate: drop table if exists debt_payments cascade 
Hibernate: drop table if exists debts cascade 
Hibernate: drop table if exists saving_goal cascade 
Hibernate: drop table if exists sub_categories cascade 
Hibernate: drop table if exists transactions cascade 
Hibernate: create table accounts (active boolean not null, current_balance numeric(38,2) not null, decimal_precision integer, initial_balance numeric(38,2) not null, created_at timestamp(6), id bigint generated by default as identity, updated_at timestamp(6), color varchar(255), currency varchar(255) not null, name varchar(255) not null, type enum ('BANK','CASH','CREDIT_CARD','OTHER','SAVINGS') not null, primary key (id))
Hibernate: create table budget_category_limits (amount_limit numeric(38,2) not null, budget_id bigint not null, category_id bigint not null, id bigint generated by default as identity, primary key (id))
Hibernate: create table budgets (active boolean not null, amount_limit numeric(38,2) not null, end_date date not null, expense boolean, include_all_transactions boolean, period_value integer, start_date date not null, created_at timestamp(6), id bigint generated by default as identity, updated_at timestamp(6), color varchar(255), name varchar(255) not null, period_type varchar(255) not null, primary key (id))
Hibernate: create table categories (active boolean not null, created_at timestamp(6), id bigint generated by default as identity, parent_category_id bigint, updated_at timestamp(6), color varchar(255), icon varchar(255), name varchar(255) not null, type enum ('EXPENSE','INCOME') not null, primary key (id))
Hibernate: create table debt_payments (amount numeric(38,2) not null, payment_date date not null, created_at timestamp(6), debt_id bigint not null, id bigint generated by default as identity, notes varchar(255), primary key (id))
Hibernate: create table debts (active boolean not null, due_date date, paid_amount numeric(38,2) not null, remaining_amount numeric(38,2) not null, total_amount numeric(38,2) not null, account_id bigint not null, created_at timestamp(6), id bigint generated by default as identity, updated_at timestamp(6), description varchar(255), person_name varchar(255) not null, status enum ('CANCELLED','PAID','PARTIALLY_PAID','PENDING') not null, type enum ('I_OWE','OWED_TO_ME') not null, primary key (id))
Hibernate: create table saving_goal (deadline date, target_amount float(53), id bigint generated by default as identity, color varchar(255), currency varchar(255), icon varchar(255), name varchar(255), primary key (id))
Hibernate: create table sub_categories (active boolean not null, category_id bigint not null, created_at timestamp(6), id bigint generated by default as identity, updated_at timestamp(6), name varchar(255) not null, primary key (id))
Hibernate: create table transactions (active boolean, amount numeric(38,2) not null, account_id bigint not null, category_id bigint, created_at timestamp(6), date timestamp(6) not null, id bigint generated by default as identity, saving_goal_id bigint, to_account_id bigint, updated_at timestamp(6), description varchar(255) not null, notes varchar(255), type enum ('EXPENSE','INCOME','TRANSFER') not null, primary key (id))
Hibernate: alter table if exists budget_category_limits add constraint FKayhvpoc35fcbj6l0yly0mukir foreign key (budget_id) references budgets
Hibernate: alter table if exists budget_category_limits add constraint FKjkm70g420xl83mixgy8m30on6 foreign key (category_id) references categories
Hibernate: alter table if exists categories add constraint FK9il7y6fehxwunjeepq0n7g5rd foreign key (parent_category_id) references categories
Hibernate: alter table if exists debt_payments add constraint FKf9k7kd2li57kwv61dg2aio1vb foreign key (debt_id) references debts
Hibernate: alter table if exists debts add constraint FK4hf69rko6foncbos0pilxprn7 foreign key (account_id) references accounts
Hibernate: alter table if exists sub_categories add constraint FKjwy7imy3rf6r99x48ydq45otw foreign key (category_id) references categories
Hibernate: alter table if exists transactions add constraint FK20w7wsg13u9srbq3bd7chfxdh foreign key (account_id) references accounts
Hibernate: alter table if exists transactions add constraint FKsqqi7sneo04kast0o138h19mv foreign key (category_id) references categories
Hibernate: alter table if exists transactions add constraint FKcryg79fy1gjgwm8nysi5vcddn foreign key (saving_goal_id) references saving_goal
Hibernate: alter table if exists transactions add constraint FKra0an432c5wjo76mojluk0v28 foreign key (to_account_id) references accounts
2026-06-22T16:57:34.586-06:00  INFO 8348 --- [raccoon-cash-api] [           main] j.LocalContainerEntityManagerFactoryBean : Initialized JPA EntityManagerFactory for persistence unit 'default'
2026-06-22T16:57:34.677-06:00  WARN 8348 --- [raccoon-cash-api] [           main] JpaBaseConfiguration$JpaWebConfiguration : spring.jpa.open-in-view is enabled by default. Therefore, database queries may be performed during view rendering. Explicitly configure spring.jpa.open-in-view to disable this warning
2026-06-22T16:57:34.738-06:00  INFO 8348 --- [raccoon-cash-api] [           main] o.s.b.t.m.w.SpringBootMockServletContext : Initializing Spring TestDispatcherServlet ''
2026-06-22T16:57:34.738-06:00  INFO 8348 --- [raccoon-cash-api] [           main] o.s.t.web.servlet.TestDispatcherServlet  : Initializing Servlet ''
2026-06-22T16:57:34.738-06:00  INFO 8348 --- [raccoon-cash-api] [           main] o.s.t.web.servlet.TestDispatcherServlet  : Completed initialization in 0 ms
2026-06-22T16:57:34.741-06:00  INFO 8348 --- [raccoon-cash-api] [           main] c.r.api.AplicacionRaccoonCashApiTests    : Started AplicacionRaccoonCashApiTests in 0.521 seconds (process running for 10.542)
2026-06-22T16:57:34.742-06:00  INFO 8348 --- [raccoon-cash-api] [           main] c.r.a.p.PresupuestoEsquemaInicializador  : Restriccion obsoleta budgets_period_type_check eliminada o inexistente
Hibernate: insert into categories (active,color,created_at,icon,name,parent_category_id,type,updated_at,id) values (?,?,?,?,?,?,?,?,default)
Hibernate: select c1_0.id,c1_0.active,c1_0.color,c1_0.created_at,c1_0.icon,c1_0.name,c1_0.parent_category_id,c1_0.type,c1_0.updated_at from categories c1_0 where c1_0.id=? and c1_0.active
Hibernate: insert into categories (active,color,created_at,icon,name,parent_category_id,type,updated_at,id) values (?,?,?,?,?,?,?,?,default)
Hibernate: select c1_0.id,c1_0.active,c1_0.color,c1_0.created_at,c1_0.icon,c1_0.name,c1_0.parent_category_id,c1_0.type,c1_0.updated_at from categories c1_0 where c1_0.active
Hibernate: insert into categories (active,color,created_at,icon,name,parent_category_id,type,updated_at,id) values (?,?,?,?,?,?,?,?,default)
Hibernate: select c1_0.id,c1_0.active,c1_0.color,c1_0.created_at,c1_0.icon,c1_0.name,c1_0.parent_category_id,c1_0.type,c1_0.updated_at from categories c1_0 where c1_0.id=? and c1_0.active
Hibernate: select c1_0.id,c1_0.active,c1_0.color,c1_0.created_at,c1_0.icon,c1_0.name,c1_0.parent_category_id,c1_0.type,c1_0.updated_at from categories c1_0 where c1_0.id=? and c1_0.active
Hibernate: update categories set active=?,color=?,created_at=?,icon=?,name=?,parent_category_id=?,type=?,updated_at=? where id=?
2026-06-22T16:57:34.872-06:00  INFO 8348 --- [raccoon-cash-api] [           main] j.LocalContainerEntityManagerFactoryBean : Closing JPA EntityManagerFactory for persistence unit 'default'
Hibernate: drop table if exists accounts cascade 
Hibernate: drop table if exists budget_category_limits cascade 
Hibernate: drop table if exists budgets cascade 
Hibernate: drop table if exists categories cascade 
Hibernate: drop table if exists debt_payments cascade 
Hibernate: drop table if exists debts cascade 
Hibernate: drop table if exists saving_goal cascade 
Hibernate: drop table if exists sub_categories cascade 
Hibernate: drop table if exists transactions cascade 
2026-06-22T16:57:34.877-06:00  INFO 8348 --- [raccoon-cash-api] [           main] com.zaxxer.hikari.HikariDataSource       : HikariPool-5 - Shutdown initiated...
2026-06-22T16:57:34.888-06:00  INFO 8348 --- [raccoon-cash-api] [           main] com.zaxxer.hikari.HikariDataSource       : HikariPool-5 - Shutdown completed.
]]></system-out>
  </testcase>
  <testcase name="getTransactionsReturnsEmptyListWhenThereAreNoTransactions" classname="com.raccooncash.api.AplicacionRaccoonCashApiTests" time="0.052">
    <system-out><![CDATA[
  .   ____          _            __ _ _
 /\\ / ___'_ __ _ _(_)_ __  __ _ \ \ \ \
( ( )\___ | '_ | '_| | '_ \/ _` | \ \ \ \
 \\/  ___)| |_)| | | | | || (_| |  ) ) ) )
  '  |____| .__|_| |_|_| |_\__, | / / / /
 =========|_|==============|___/=/_/_/_/

 :: Spring Boot ::                (v3.3.5)

2026-06-22T16:57:34.911-06:00  INFO 8348 --- [raccoon-cash-api] [           main] c.r.api.AplicacionRaccoonCashApiTests    : Starting AplicacionRaccoonCashApiTests using Java 25 with PID 8348 (started by Fernando in C:\Users\Fernando\Desktop\Raccoon_Cash\Raccoon_Cash\raccoon-cash-api\raccoon-cash-api)
2026-06-22T16:57:34.911-06:00  INFO 8348 --- [raccoon-cash-api] [           main] c.r.api.AplicacionRaccoonCashApiTests    : No active profile set, falling back to 1 default profile: "default"
2026-06-22T16:57:35.057-06:00  INFO 8348 --- [raccoon-cash-api] [           main] .s.d.r.c.RepositoryConfigurationDelegate : Bootstrapping Spring Data JPA repositories in DEFAULT mode.
2026-06-22T16:57:35.078-06:00  INFO 8348 --- [raccoon-cash-api] [           main] .s.d.r.c.RepositoryConfigurationDelegate : Finished Spring Data repository scanning in 20 ms. Found 8 JPA repository interfaces.
2026-06-22T16:57:35.131-06:00  INFO 8348 --- [raccoon-cash-api] [           main] o.hibernate.jpa.internal.util.LogHelper  : HHH000204: Processing PersistenceUnitInfo [name: default]
2026-06-22T16:57:35.134-06:00  INFO 8348 --- [raccoon-cash-api] [           main] o.h.c.internal.RegionFactoryInitiator    : HHH000026: Second-level cache disabled
2026-06-22T16:57:35.143-06:00  INFO 8348 --- [raccoon-cash-api] [           main] o.s.o.j.p.SpringPersistenceUnitInfo      : No LoadTimeWeaver setup: ignoring JPA class transformer
2026-06-22T16:57:35.144-06:00  INFO 8348 --- [raccoon-cash-api] [           main] com.zaxxer.hikari.HikariDataSource       : HikariPool-6 - Starting...
2026-06-22T16:57:35.145-06:00  INFO 8348 --- [raccoon-cash-api] [           main] com.zaxxer.hikari.pool.HikariPool        : HikariPool-6 - Added connection conn49: url=jdbc:h2:mem:raccoon_cash_test user=SA
2026-06-22T16:57:35.145-06:00  INFO 8348 --- [raccoon-cash-api] [           main] com.zaxxer.hikari.HikariDataSource       : HikariPool-6 - Start completed.
2026-06-22T16:57:35.283-06:00  INFO 8348 --- [raccoon-cash-api] [           main] o.h.e.t.j.p.i.JtaPlatformInitiator       : HHH000489: No JTA platform available (set 'hibernate.transaction.jta.platform' to enable JTA platform integration)
Hibernate: drop table if exists accounts cascade 
Hibernate: drop table if exists budget_category_limits cascade 
Hibernate: drop table if exists budgets cascade 
Hibernate: drop table if exists categories cascade 
Hibernate: drop table if exists debt_payments cascade 
Hibernate: drop table if exists debts cascade 
Hibernate: drop table if exists saving_goal cascade 
Hibernate: drop table if exists sub_categories cascade 
Hibernate: drop table if exists transactions cascade 
Hibernate: create table accounts (active boolean not null, current_balance numeric(38,2) not null, decimal_precision integer, initial_balance numeric(38,2) not null, created_at timestamp(6), id bigint generated by default as identity, updated_at timestamp(6), color varchar(255), currency varchar(255) not null, name varchar(255) not null, type enum ('BANK','CASH','CREDIT_CARD','OTHER','SAVINGS') not null, primary key (id))
Hibernate: create table budget_category_limits (amount_limit numeric(38,2) not null, budget_id bigint not null, category_id bigint not null, id bigint generated by default as identity, primary key (id))
Hibernate: create table budgets (active boolean not null, amount_limit numeric(38,2) not null, end_date date not null, expense boolean, include_all_transactions boolean, period_value integer, start_date date not null, created_at timestamp(6), id bigint generated by default as identity, updated_at timestamp(6), color varchar(255), name varchar(255) not null, period_type varchar(255) not null, primary key (id))
Hibernate: create table categories (active boolean not null, created_at timestamp(6), id bigint generated by default as identity, parent_category_id bigint, updated_at timestamp(6), color varchar(255), icon varchar(255), name varchar(255) not null, type enum ('EXPENSE','INCOME') not null, primary key (id))
Hibernate: create table debt_payments (amount numeric(38,2) not null, payment_date date not null, created_at timestamp(6), debt_id bigint not null, id bigint generated by default as identity, notes varchar(255), primary key (id))
Hibernate: create table debts (active boolean not null, due_date date, paid_amount numeric(38,2) not null, remaining_amount numeric(38,2) not null, total_amount numeric(38,2) not null, account_id bigint not null, created_at timestamp(6), id bigint generated by default as identity, updated_at timestamp(6), description varchar(255), person_name varchar(255) not null, status enum ('CANCELLED','PAID','PARTIALLY_PAID','PENDING') not null, type enum ('I_OWE','OWED_TO_ME') not null, primary key (id))
Hibernate: create table saving_goal (deadline date, target_amount float(53), id bigint generated by default as identity, color varchar(255), currency varchar(255), icon varchar(255), name varchar(255), primary key (id))
Hibernate: create table sub_categories (active boolean not null, category_id bigint not null, created_at timestamp(6), id bigint generated by default as identity, updated_at timestamp(6), name varchar(255) not null, primary key (id))
Hibernate: create table transactions (active boolean, amount numeric(38,2) not null, account_id bigint not null, category_id bigint, created_at timestamp(6), date timestamp(6) not null, id bigint generated by default as identity, saving_goal_id bigint, to_account_id bigint, updated_at timestamp(6), description varchar(255) not null, notes varchar(255), type enum ('EXPENSE','INCOME','TRANSFER') not null, primary key (id))
Hibernate: alter table if exists budget_category_limits add constraint FKayhvpoc35fcbj6l0yly0mukir foreign key (budget_id) references budgets
Hibernate: alter table if exists budget_category_limits add constraint FKjkm70g420xl83mixgy8m30on6 foreign key (category_id) references categories
Hibernate: alter table if exists categories add constraint FK9il7y6fehxwunjeepq0n7g5rd foreign key (parent_category_id) references categories
Hibernate: alter table if exists debt_payments add constraint FKf9k7kd2li57kwv61dg2aio1vb foreign key (debt_id) references debts
Hibernate: alter table if exists debts add constraint FK4hf69rko6foncbos0pilxprn7 foreign key (account_id) references accounts
Hibernate: alter table if exists sub_categories add constraint FKjwy7imy3rf6r99x48ydq45otw foreign key (category_id) references categories
Hibernate: alter table if exists transactions add constraint FK20w7wsg13u9srbq3bd7chfxdh foreign key (account_id) references accounts
Hibernate: alter table if exists transactions add constraint FKsqqi7sneo04kast0o138h19mv foreign key (category_id) references categories
Hibernate: alter table if exists transactions add constraint FKcryg79fy1gjgwm8nysi5vcddn foreign key (saving_goal_id) references saving_goal
Hibernate: alter table if exists transactions add constraint FKra0an432c5wjo76mojluk0v28 foreign key (to_account_id) references accounts
2026-06-22T16:57:35.305-06:00  INFO 8348 --- [raccoon-cash-api] [           main] j.LocalContainerEntityManagerFactoryBean : Initialized JPA EntityManagerFactory for persistence unit 'default'
2026-06-22T16:57:35.445-06:00  WARN 8348 --- [raccoon-cash-api] [           main] JpaBaseConfiguration$JpaWebConfiguration : spring.jpa.open-in-view is enabled by default. Therefore, database queries may be performed during view rendering. Explicitly configure spring.jpa.open-in-view to disable this warning
2026-06-22T16:57:35.528-06:00  INFO 8348 --- [raccoon-cash-api] [           main] o.s.b.t.m.w.SpringBootMockServletContext : Initializing Spring TestDispatcherServlet ''
2026-06-22T16:57:35.529-06:00  INFO 8348 --- [raccoon-cash-api] [           main] o.s.t.web.servlet.TestDispatcherServlet  : Initializing Servlet ''
2026-06-22T16:57:35.529-06:00  INFO 8348 --- [raccoon-cash-api] [           main] o.s.t.web.servlet.TestDispatcherServlet  : Completed initialization in 0 ms
2026-06-22T16:57:35.533-06:00  INFO 8348 --- [raccoon-cash-api] [           main] c.r.api.AplicacionRaccoonCashApiTests    : Started AplicacionRaccoonCashApiTests in 0.642 seconds (process running for 11.334)
2026-06-22T16:57:35.535-06:00  INFO 8348 --- [raccoon-cash-api] [           main] c.r.a.p.PresupuestoEsquemaInicializador  : Restriccion obsoleta budgets_period_type_check eliminada o inexistente
Hibernate: select distinct t1_0.id,t1_0.account_id,a1_0.id,a1_0.active,a1_0.color,a1_0.created_at,a1_0.currency,a1_0.current_balance,a1_0.decimal_precision,a1_0.initial_balance,a1_0.name,a1_0.type,a1_0.updated_at,t1_0.active,t1_0.amount,c1_0.id,c1_0.active,c1_0.color,c1_0.created_at,c1_0.icon,c1_0.name,c1_0.parent_category_id,c1_0.type,c1_0.updated_at,t1_0.created_at,t1_0.date,t1_0.description,t1_0.notes,t1_0.saving_goal_id,ta1_0.id,ta1_0.active,ta1_0.color,ta1_0.created_at,ta1_0.currency,ta1_0.current_balance,ta1_0.decimal_precision,ta1_0.initial_balance,ta1_0.name,ta1_0.type,ta1_0.updated_at,t1_0.type,t1_0.updated_at from transactions t1_0 join accounts a1_0 on a1_0.id=t1_0.account_id left join accounts ta1_0 on ta1_0.id=t1_0.to_account_id left join categories c1_0 on c1_0.id=t1_0.category_id where (t1_0.active=true or t1_0.active is null) order by t1_0.date desc
2026-06-22T16:57:35.553-06:00  INFO 8348 --- [raccoon-cash-api] [           main] j.LocalContainerEntityManagerFactoryBean : Closing JPA EntityManagerFactory for persistence unit 'default'
Hibernate: drop table if exists accounts cascade 
Hibernate: drop table if exists budget_category_limits cascade 
Hibernate: drop table if exists budgets cascade 
Hibernate: drop table if exists categories cascade 
Hibernate: drop table if exists debt_payments cascade 
Hibernate: drop table if exists debts cascade 
Hibernate: drop table if exists saving_goal cascade 
Hibernate: drop table if exists sub_categories cascade 
Hibernate: drop table if exists transactions cascade 
2026-06-22T16:57:35.558-06:00  INFO 8348 --- [raccoon-cash-api] [           main] com.zaxxer.hikari.HikariDataSource       : HikariPool-6 - Shutdown initiated...
2026-06-22T16:57:35.588-06:00  INFO 8348 --- [raccoon-cash-api] [           main] com.zaxxer.hikari.HikariDataSource       : HikariPool-6 - Shutdown completed.
]]></system-out>
  </testcase>
</testsuite>